  [1m[36m (153.2ms)[0m  [1mCREATE TABLE `schema_migrations` (`version` varchar(255) NOT NULL) ENGINE=InnoDB[0m
  [1m[35m (334.1ms)[0m  CREATE UNIQUE INDEX `unique_schema_migrations` ON `schema_migrations` (`version`) 
  [1m[36mActiveRecord::SchemaMigration Load (2.9ms)[0m  [1mSELECT `schema_migrations`.* FROM `schema_migrations`[0m
Migrating to CreateCategories (20140126104022)
  [1m[35m (134.2ms)[0m  CREATE TABLE `categories` (`id` int(11) DEFAULT NULL auto_increment PRIMARY KEY, `name` varchar(255), `image` text, `description` text, `classic` tinyint(1), `contemporary` tinyint(1), `created_at` datetime, `updated_at` datetime) ENGINE=InnoDB
  [1m[36mSQL (0.1ms)[0m  [1mBEGIN[0m
  [1m[35mSQL (33.4ms)[0m  INSERT INTO `schema_migrations` (`version`) VALUES (?)  [["version", "20140126104022"]]
  [1m[36m (66.0ms)[0m  [1mCOMMIT[0m
Migrating to CreateSubCategories (20140126104152)
  [1m[35m (87.3ms)[0m  CREATE TABLE `sub_categories` (`id` int(11) DEFAULT NULL auto_increment PRIMARY KEY, `name` varchar(255), `image` text, `created_at` datetime, `updated_at` datetime) ENGINE=InnoDB
  [1m[36mSQL (0.3ms)[0m  [1mBEGIN[0m
  [1m[35mSQL (1.4ms)[0m  INSERT INTO `schema_migrations` (`version`) VALUES (?)  [["version", "20140126104152"]]
  [1m[36m (49.9ms)[0m  [1mCOMMIT[0m
Migrating to CreateProducts (20140126104337)
  [1m[35m (107.6ms)[0m  CREATE TABLE `products` (`id` int(11) DEFAULT NULL auto_increment PRIMARY KEY, `name` varchar(255), `height` varchar(255), `width` varchar(255), `price` varchar(255), `image` text, `created_at` datetime, `updated_at` datetime) ENGINE=InnoDB
  [1m[36mSQL (0.3ms)[0m  [1mBEGIN[0m
  [1m[35mSQL (1.4ms)[0m  INSERT INTO `schema_migrations` (`version`) VALUES (?)  [["version", "20140126104337"]]
  [1m[36m (50.3ms)[0m  [1mCOMMIT[0m
Migrating to CreateVariationImages (20140126104533)
  [1m[35m (130.6ms)[0m  CREATE TABLE `variation_images` (`id` int(11) DEFAULT NULL auto_increment PRIMARY KEY, `image` text, `created_at` datetime, `updated_at` datetime) ENGINE=InnoDB
  [1m[36mSQL (0.3ms)[0m  [1mBEGIN[0m
  [1m[35mSQL (3.6ms)[0m  INSERT INTO `schema_migrations` (`version`) VALUES (?)  [["version", "20140126104533"]]
  [1m[36m (45.3ms)[0m  [1mCOMMIT[0m
  [1m[35mActiveRecord::SchemaMigration Load (0.7ms)[0m  SELECT `schema_migrations`.* FROM `schema_migrations`
  [1m[36mActiveRecord::SchemaMigration Load (1.2ms)[0m  [1mSELECT `schema_migrations`.* FROM `schema_migrations`[0m
  [1m[35mActiveRecord::SchemaMigration Load (0.2ms)[0m  SELECT `schema_migrations`.* FROM `schema_migrations`
Migrating to CreateVariationImages (20140126104533)
  [1m[36m (81.1ms)[0m  [1mDROP TABLE `variation_images`[0m
  [1m[35mSQL (58.7ms)[0m  DELETE FROM `schema_migrations` WHERE `schema_migrations`.`version` = '20140126104533'
  [1m[36mActiveRecord::SchemaMigration Load (0.4ms)[0m  [1mSELECT `schema_migrations`.* FROM `schema_migrations`[0m
  [1m[36mActiveRecord::SchemaMigration Load (1.3ms)[0m  [1mSELECT `schema_migrations`.* FROM `schema_migrations`[0m
Migrating to CreateVariationImages (20140126104533)
  [1m[35m (154.9ms)[0m  CREATE TABLE `variation_images` (`id` int(11) DEFAULT NULL auto_increment PRIMARY KEY, `image` text, `created_at` datetime, `updated_at` datetime) ENGINE=InnoDB
  [1m[36mSQL (0.3ms)[0m  [1mBEGIN[0m
  [1m[35mSQL (1.3ms)[0m  INSERT INTO `schema_migrations` (`version`) VALUES (?)  [["version", "20140126104533"]]
  [1m[36m (89.2ms)[0m  [1mCOMMIT[0m
  [1m[35mActiveRecord::SchemaMigration Load (1.9ms)[0m  SELECT `schema_migrations`.* FROM `schema_migrations`
  [1m[36mActiveRecord::SchemaMigration Load (1.3ms)[0m  [1mSELECT `schema_migrations`.* FROM `schema_migrations`[0m
  [1m[35mActiveRecord::SchemaMigration Load (0.2ms)[0m  SELECT `schema_migrations`.* FROM `schema_migrations`
Migrating to CreateVariationImages (20140126104533)
  [1m[36m (76.8ms)[0m  [1mDROP TABLE `variation_images`[0m
  [1m[35mSQL (61.7ms)[0m  DELETE FROM `schema_migrations` WHERE `schema_migrations`.`version` = '20140126104533'
Migrating to CreateProducts (20140126104337)
  [1m[36m (64.6ms)[0m  [1mDROP TABLE `products`[0m
  [1m[35mSQL (43.3ms)[0m  DELETE FROM `schema_migrations` WHERE `schema_migrations`.`version` = '20140126104337'
  [1m[36mActiveRecord::SchemaMigration Load (2.3ms)[0m  [1mSELECT `schema_migrations`.* FROM `schema_migrations`[0m
  [1m[36mActiveRecord::SchemaMigration Load (1.5ms)[0m  [1mSELECT `schema_migrations`.* FROM `schema_migrations`[0m
Migrating to CreateProducts (20140126104337)
  [1m[35m (107.6ms)[0m  CREATE TABLE `products` (`id` int(11) DEFAULT NULL auto_increment PRIMARY KEY, `name` varchar(255), `height` varchar(255), `width` varchar(255), `price` varchar(255), `image` text, `created_at` datetime, `updated_at` datetime) ENGINE=InnoDB
  [1m[36mSQL (0.3ms)[0m  [1mBEGIN[0m
  [1m[35mSQL (0.9ms)[0m  INSERT INTO `schema_migrations` (`version`) VALUES (?)  [["version", "20140126104337"]]
  [1m[36m (51.8ms)[0m  [1mCOMMIT[0m
Migrating to CreateVariationImages (20140126104533)
  [1m[35m (98.4ms)[0m  CREATE TABLE `variation_images` (`id` int(11) DEFAULT NULL auto_increment PRIMARY KEY, `image` text, `created_at` datetime, `updated_at` datetime) ENGINE=InnoDB
  [1m[36mSQL (0.3ms)[0m  [1mBEGIN[0m
  [1m[35mSQL (0.7ms)[0m  INSERT INTO `schema_migrations` (`version`) VALUES (?)  [["version", "20140126104533"]]
  [1m[36m (39.4ms)[0m  [1mCOMMIT[0m
  [1m[35mActiveRecord::SchemaMigration Load (0.6ms)[0m  SELECT `schema_migrations`.* FROM `schema_migrations`
  [1m[36mActiveRecord::SchemaMigration Load (1.3ms)[0m  [1mSELECT `schema_migrations`.* FROM `schema_migrations`[0m
  [1m[35mActiveRecord::SchemaMigration Load (0.2ms)[0m  SELECT `schema_migrations`.* FROM `schema_migrations`
Migrating to CreateVariationImages (20140126104533)
  [1m[36m (105.9ms)[0m  [1mDROP TABLE `variation_images`[0m
  [1m[35mSQL (94.7ms)[0m  DELETE FROM `schema_migrations` WHERE `schema_migrations`.`version` = '20140126104533'
Migrating to CreateProducts (20140126104337)
  [1m[36m (108.8ms)[0m  [1mDROP TABLE `products`[0m
  [1m[35mSQL (65.4ms)[0m  DELETE FROM `schema_migrations` WHERE `schema_migrations`.`version` = '20140126104337'
Migrating to CreateSubCategories (20140126104152)
  [1m[36m (65.0ms)[0m  [1mDROP TABLE `sub_categories`[0m
  [1m[35mSQL (66.2ms)[0m  DELETE FROM `schema_migrations` WHERE `schema_migrations`.`version` = '20140126104152'
Migrating to CreateCategories (20140126104022)
  [1m[36m (86.9ms)[0m  [1mDROP TABLE `categories`[0m
  [1m[35mSQL (98.7ms)[0m  DELETE FROM `schema_migrations` WHERE `schema_migrations`.`version` = '20140126104022'
  [1m[36mActiveRecord::SchemaMigration Load (0.6ms)[0m  [1mSELECT `schema_migrations`.* FROM `schema_migrations`[0m
  [1m[36mActiveRecord::SchemaMigration Load (1.3ms)[0m  [1mSELECT `schema_migrations`.* FROM `schema_migrations`[0m
Migrating to CreateCategories (20140126104022)
  [1m[35m (162.3ms)[0m  CREATE TABLE `categories` (`id` int(11) DEFAULT NULL auto_increment PRIMARY KEY, `name` varchar(255), `image` text, `description` text, `classic` tinyint(1), `contemporary` tinyint(1), `created_at` datetime, `updated_at` datetime) ENGINE=InnoDB
  [1m[36mSQL (0.2ms)[0m  [1mBEGIN[0m
  [1m[35mSQL (0.6ms)[0m  INSERT INTO `schema_migrations` (`version`) VALUES (?)  [["version", "20140126104022"]]
  [1m[36m (65.9ms)[0m  [1mCOMMIT[0m
Migrating to CreateSubCategories (20140126104152)
  [1m[35m (187.7ms)[0m  CREATE TABLE `sub_categories` (`id` int(11) DEFAULT NULL auto_increment PRIMARY KEY, `name` varchar(255), `image` text, `created_at` datetime, `updated_at` datetime) ENGINE=InnoDB
  [1m[36mSQL (0.8ms)[0m  [1mBEGIN[0m
  [1m[35mSQL (3.8ms)[0m  INSERT INTO `schema_migrations` (`version`) VALUES (?)  [["version", "20140126104152"]]
  [1m[36m (68.3ms)[0m  [1mCOMMIT[0m
Migrating to CreateProducts (20140126104337)
  [1m[35m (136.3ms)[0m  CREATE TABLE `products` (`id` int(11) DEFAULT NULL auto_increment PRIMARY KEY, `name` varchar(255), `height` varchar(255), `width` varchar(255), `price` varchar(255), `image` text, `created_at` datetime, `updated_at` datetime) ENGINE=InnoDB
  [1m[36mSQL (0.3ms)[0m  [1mBEGIN[0m
  [1m[35mSQL (1.3ms)[0m  INSERT INTO `schema_migrations` (`version`) VALUES (?)  [["version", "20140126104337"]]
  [1m[36m (60.9ms)[0m  [1mCOMMIT[0m
Migrating to CreateVariationImages (20140126104533)
  [1m[35m (143.0ms)[0m  CREATE TABLE `variation_images` (`id` int(11) DEFAULT NULL auto_increment PRIMARY KEY, `image` text, `created_at` datetime, `updated_at` datetime) ENGINE=InnoDB
  [1m[36mSQL (0.3ms)[0m  [1mBEGIN[0m
  [1m[35mSQL (2.7ms)[0m  INSERT INTO `schema_migrations` (`version`) VALUES (?)  [["version", "20140126104533"]]
  [1m[36m (49.7ms)[0m  [1mCOMMIT[0m
  [1m[35mActiveRecord::SchemaMigration Load (0.4ms)[0m  SELECT `schema_migrations`.* FROM `schema_migrations`
  [1m[36mActiveRecord::SchemaMigration Load (1.3ms)[0m  [1mSELECT `schema_migrations`.* FROM `schema_migrations`[0m
  [1m[35mActiveRecord::SchemaMigration Load (0.2ms)[0m  SELECT `schema_migrations`.* FROM `schema_migrations`
  [1m[36mActiveRecord::SchemaMigration Load (1.3ms)[0m  [1mSELECT `schema_migrations`.* FROM `schema_migrations`[0m
Migrating to AddCategoryIdSubCategory (20140126114532)
  [1m[35mSQL (0.2ms)[0m  BEGIN
  [1m[36mSQL (21.6ms)[0m  [1mINSERT INTO `schema_migrations` (`version`) VALUES (?)[0m  [["version", "20140126114532"]]
  [1m[35m (87.3ms)[0m  COMMIT
  [1m[36mActiveRecord::SchemaMigration Load (0.6ms)[0m  [1mSELECT `schema_migrations`.* FROM `schema_migrations`[0m
  [1m[36mActiveRecord::SchemaMigration Load (1.3ms)[0m  [1mSELECT `schema_migrations`.* FROM `schema_migrations`[0m
  [1m[35mActiveRecord::SchemaMigration Load (0.2ms)[0m  SELECT `schema_migrations`.* FROM `schema_migrations`
  [1m[36mActiveRecord::SchemaMigration Load (1.3ms)[0m  [1mSELECT `schema_migrations`.* FROM `schema_migrations`[0m
  [1m[35mActiveRecord::SchemaMigration Load (0.2ms)[0m  SELECT `schema_migrations`.* FROM `schema_migrations`
  [1m[36mActiveRecord::SchemaMigration Load (1.5ms)[0m  [1mSELECT `schema_migrations`.* FROM `schema_migrations`[0m
  [1m[35mActiveRecord::SchemaMigration Load (0.2ms)[0m  SELECT `schema_migrations`.* FROM `schema_migrations`
Migrating to AddCategoryIdSubCategory (20140126114532)
  [1m[36mSQL (94.8ms)[0m  [1mDELETE FROM `schema_migrations` WHERE `schema_migrations`.`version` = '20140126114532'[0m
  [1m[35mActiveRecord::SchemaMigration Load (0.6ms)[0m  SELECT `schema_migrations`.* FROM `schema_migrations`
  [1m[36mActiveRecord::SchemaMigration Load (1.3ms)[0m  [1mSELECT `schema_migrations`.* FROM `schema_migrations`[0m
Migrating to AddCategoryIdSubCategory (20140126114532)
  [1m[35m (437.5ms)[0m  ALTER TABLE `sub_categories` ADD `category_id` int(11)
  [1m[36mSQL (0.3ms)[0m  [1mBEGIN[0m
  [1m[35mSQL (0.6ms)[0m  INSERT INTO `schema_migrations` (`version`) VALUES (?)  [["version", "20140126114532"]]
  [1m[36m (63.1ms)[0m  [1mCOMMIT[0m
  [1m[35mActiveRecord::SchemaMigration Load (0.6ms)[0m  SELECT `schema_migrations`.* FROM `schema_migrations`
  [1m[36mSQL (0.3ms)[0m  [1mBEGIN[0m
  [1m[35mSQL (24.8ms)[0m  INSERT INTO `sub_categories` (`created_at`, `updated_at`) VALUES (?, ?)  [["created_at", Sun, 26 Jan 2014 11:55:23 UTC +00:00], ["updated_at", Sun, 26 Jan 2014 11:55:23 UTC +00:00]]
  [1m[36m (76.2ms)[0m  [1mCOMMIT[0m
  [1m[35mSQL (0.3ms)[0m  BEGIN
  [1m[36mSQL (3.3ms)[0m  [1mINSERT INTO `sub_categories` (`created_at`, `updated_at`) VALUES (?, ?)[0m  [["created_at", Sun, 26 Jan 2014 11:55:46 UTC +00:00], ["updated_at", Sun, 26 Jan 2014 11:55:46 UTC +00:00]]
  [1m[35m (64.0ms)[0m  COMMIT
  [1m[36mCategory Load (1.7ms)[0m  [1mSELECT `categories`.* FROM `categories` ORDER BY `categories`.`id` DESC LIMIT 1[0m
  [1m[35mSubCategory Load (1.1ms)[0m  SELECT `sub_categories`.* FROM `sub_categories` ORDER BY `sub_categories`.`id` DESC LIMIT 1
  [1m[36mSQL (0.4ms)[0m  [1mBEGIN[0m
  [1m[35mSQL (17.5ms)[0m  INSERT INTO `categories` (`created_at`, `updated_at`) VALUES (?, ?)  [["created_at", Sun, 26 Jan 2014 12:08:03 UTC +00:00], ["updated_at", Sun, 26 Jan 2014 12:08:03 UTC +00:00]]
  [1m[36m (79.4ms)[0m  [1mCOMMIT[0m
  [1m[35mSQL (0.3ms)[0m  BEGIN
  [1m[36mSQL (1.6ms)[0m  [1mINSERT INTO `sub_categories` (`created_at`, `updated_at`) VALUES (?, ?)[0m  [["created_at", Sun, 26 Jan 2014 12:08:36 UTC +00:00], ["updated_at", Sun, 26 Jan 2014 12:08:36 UTC +00:00]]
  [1m[35m (77.6ms)[0m  COMMIT
  [1m[36mSubCategory Load (35.2ms)[0m  [1mSELECT `sub_categories`.* FROM `sub_categories` WHERE `sub_categories`.`category_id` = ?[0m  [["category_id", 1]]
  [1m[35mCategory Load (2.3ms)[0m  SELECT `categories`.* FROM `categories` ORDER BY `categories`.`id` DESC LIMIT 1
  [1m[36mCategory Load (2.3ms)[0m  [1mSELECT `categories`.* FROM `categories` ORDER BY `categories`.`id` DESC LIMIT 1[0m


Started GET "/" for 127.0.0.1 at 2014-02-12 11:20:35 +0530

Mysql::Error (Unknown database 'eshanya_db'):
  activerecord (4.0.1) lib/active_record/connection_adapters/mysql_adapter.rb:533:in `real_connect'
  activerecord (4.0.1) lib/active_record/connection_adapters/mysql_adapter.rb:533:in `connect'
  activerecord (4.0.1) lib/active_record/connection_adapters/mysql_adapter.rb:131:in `initialize'
  activerecord (4.0.1) lib/active_record/connection_adapters/mysql_adapter.rb:36:in `new'
  activerecord (4.0.1) lib/active_record/connection_adapters/mysql_adapter.rb:36:in `mysql_connection'
  activerecord (4.0.1) lib/active_record/connection_adapters/abstract/connection_pool.rb:440:in `new_connection'
  activerecord (4.0.1) lib/active_record/connection_adapters/abstract/connection_pool.rb:450:in `checkout_new_connection'
  activerecord (4.0.1) lib/active_record/connection_adapters/abstract/connection_pool.rb:421:in `acquire_connection'
  activerecord (4.0.1) lib/active_record/connection_adapters/abstract/connection_pool.rb:356:in `block in checkout'
  /Users/kannan/.rvm/rubies/ruby-2.0.0-p0/lib/ruby/2.0.0/monitor.rb:211:in `mon_synchronize'
  activerecord (4.0.1) lib/active_record/connection_adapters/abstract/connection_pool.rb:355:in `checkout'
  activerecord (4.0.1) lib/active_record/connection_adapters/abstract/connection_pool.rb:265:in `block in connection'
  /Users/kannan/.rvm/rubies/ruby-2.0.0-p0/lib/ruby/2.0.0/monitor.rb:211:in `mon_synchronize'
  activerecord (4.0.1) lib/active_record/connection_adapters/abstract/connection_pool.rb:264:in `connection'
  activerecord (4.0.1) lib/active_record/connection_adapters/abstract/connection_pool.rb:546:in `retrieve_connection'
  activerecord (4.0.1) lib/active_record/connection_handling.rb:79:in `retrieve_connection'
  activerecord (4.0.1) lib/active_record/connection_handling.rb:53:in `connection'
  activerecord (4.0.1) lib/active_record/migration.rb:792:in `current_version'
  activerecord (4.0.1) lib/active_record/migration.rb:800:in `needs_migration?'
  activerecord (4.0.1) lib/active_record/migration.rb:379:in `check_pending!'
  activerecord (4.0.1) lib/active_record/migration.rb:366:in `call'
  actionpack (4.0.1) lib/action_dispatch/middleware/callbacks.rb:29:in `block in call'
  activesupport (4.0.1) lib/active_support/callbacks.rb:373:in `_run__3278133918491215872__call__callbacks'
  activesupport (4.0.1) lib/active_support/callbacks.rb:80:in `run_callbacks'
  actionpack (4.0.1) lib/action_dispatch/middleware/callbacks.rb:27:in `call'
  actionpack (4.0.1) lib/action_dispatch/middleware/reloader.rb:64:in `call'
  actionpack (4.0.1) lib/action_dispatch/middleware/remote_ip.rb:76:in `call'
  actionpack (4.0.1) lib/action_dispatch/middleware/debug_exceptions.rb:17:in `call'
  actionpack (4.0.1) lib/action_dispatch/middleware/show_exceptions.rb:30:in `call'
  railties (4.0.1) lib/rails/rack/logger.rb:38:in `call_app'
  railties (4.0.1) lib/rails/rack/logger.rb:20:in `block in call'
  activesupport (4.0.1) lib/active_support/tagged_logging.rb:67:in `block in tagged'
  activesupport (4.0.1) lib/active_support/tagged_logging.rb:25:in `tagged'
  activesupport (4.0.1) lib/active_support/tagged_logging.rb:67:in `tagged'
  railties (4.0.1) lib/rails/rack/logger.rb:20:in `call'
  actionpack (4.0.1) lib/action_dispatch/middleware/request_id.rb:21:in `call'
  rack (1.5.2) lib/rack/methodoverride.rb:21:in `call'
  rack (1.5.2) lib/rack/runtime.rb:17:in `call'
  activesupport (4.0.1) lib/active_support/cache/strategy/local_cache.rb:83:in `call'
  rack (1.5.2) lib/rack/lock.rb:17:in `call'
  actionpack (4.0.1) lib/action_dispatch/middleware/static.rb:64:in `call'
  rack (1.5.2) lib/rack/sendfile.rb:112:in `call'
  railties (4.0.1) lib/rails/engine.rb:511:in `call'
  railties (4.0.1) lib/rails/application.rb:97:in `call'
  rack (1.5.2) lib/rack/lock.rb:17:in `call'
  rack (1.5.2) lib/rack/content_length.rb:14:in `call'
  rack (1.5.2) lib/rack/handler/webrick.rb:60:in `service'
  /Users/kannan/.rvm/rubies/ruby-2.0.0-p0/lib/ruby/2.0.0/webrick/httpserver.rb:138:in `service'
  /Users/kannan/.rvm/rubies/ruby-2.0.0-p0/lib/ruby/2.0.0/webrick/httpserver.rb:94:in `run'
  /Users/kannan/.rvm/rubies/ruby-2.0.0-p0/lib/ruby/2.0.0/webrick/server.rb:295:in `block in start_thread'


  Rendered /Users/kannan/.rvm/gems/ruby-2.0.0-p0/gems/actionpack-4.0.1/lib/action_dispatch/middleware/templates/rescues/_source.erb (0.6ms)
  Rendered /Users/kannan/.rvm/gems/ruby-2.0.0-p0/gems/actionpack-4.0.1/lib/action_dispatch/middleware/templates/rescues/_trace.erb (0.9ms)
  Rendered /Users/kannan/.rvm/gems/ruby-2.0.0-p0/gems/actionpack-4.0.1/lib/action_dispatch/middleware/templates/rescues/_request_and_response.erb (0.7ms)
  Rendered /Users/kannan/.rvm/gems/ruby-2.0.0-p0/gems/actionpack-4.0.1/lib/action_dispatch/middleware/templates/rescues/diagnostics.erb within rescues/layout (50.2ms)


Started GET "/" for 127.0.0.1 at 2014-02-12 11:21:34 +0530

ActiveRecord::PendingMigrationError (Migrations are pending; run 'bin/rake db:migrate RAILS_ENV=development' to resolve this issue.):
  activerecord (4.0.1) lib/active_record/migration.rb:379:in `check_pending!'
  activerecord (4.0.1) lib/active_record/migration.rb:366:in `call'
  actionpack (4.0.1) lib/action_dispatch/middleware/callbacks.rb:29:in `block in call'
  activesupport (4.0.1) lib/active_support/callbacks.rb:373:in `_run__3871725065862313719__call__callbacks'
  activesupport (4.0.1) lib/active_support/callbacks.rb:80:in `run_callbacks'
  actionpack (4.0.1) lib/action_dispatch/middleware/callbacks.rb:27:in `call'
  actionpack (4.0.1) lib/action_dispatch/middleware/reloader.rb:64:in `call'
  actionpack (4.0.1) lib/action_dispatch/middleware/remote_ip.rb:76:in `call'
  actionpack (4.0.1) lib/action_dispatch/middleware/debug_exceptions.rb:17:in `call'
  actionpack (4.0.1) lib/action_dispatch/middleware/show_exceptions.rb:30:in `call'
  railties (4.0.1) lib/rails/rack/logger.rb:38:in `call_app'
  railties (4.0.1) lib/rails/rack/logger.rb:20:in `block in call'
  activesupport (4.0.1) lib/active_support/tagged_logging.rb:67:in `block in tagged'
  activesupport (4.0.1) lib/active_support/tagged_logging.rb:25:in `tagged'
  activesupport (4.0.1) lib/active_support/tagged_logging.rb:67:in `tagged'
  railties (4.0.1) lib/rails/rack/logger.rb:20:in `call'
  actionpack (4.0.1) lib/action_dispatch/middleware/request_id.rb:21:in `call'
  rack (1.5.2) lib/rack/methodoverride.rb:21:in `call'
  rack (1.5.2) lib/rack/runtime.rb:17:in `call'
  activesupport (4.0.1) lib/active_support/cache/strategy/local_cache.rb:83:in `call'
  rack (1.5.2) lib/rack/lock.rb:17:in `call'
  actionpack (4.0.1) lib/action_dispatch/middleware/static.rb:64:in `call'
  rack (1.5.2) lib/rack/sendfile.rb:112:in `call'
  railties (4.0.1) lib/rails/engine.rb:511:in `call'
  railties (4.0.1) lib/rails/application.rb:97:in `call'
  rack (1.5.2) lib/rack/lock.rb:17:in `call'
  rack (1.5.2) lib/rack/content_length.rb:14:in `call'
  rack (1.5.2) lib/rack/handler/webrick.rb:60:in `service'
  /Users/kannan/.rvm/rubies/ruby-2.0.0-p0/lib/ruby/2.0.0/webrick/httpserver.rb:138:in `service'
  /Users/kannan/.rvm/rubies/ruby-2.0.0-p0/lib/ruby/2.0.0/webrick/httpserver.rb:94:in `run'
  /Users/kannan/.rvm/rubies/ruby-2.0.0-p0/lib/ruby/2.0.0/webrick/server.rb:295:in `block in start_thread'


  Rendered /Users/kannan/.rvm/gems/ruby-2.0.0-p0/gems/actionpack-4.0.1/lib/action_dispatch/middleware/templates/rescues/_source.erb (0.5ms)
  Rendered /Users/kannan/.rvm/gems/ruby-2.0.0-p0/gems/actionpack-4.0.1/lib/action_dispatch/middleware/templates/rescues/_trace.erb (1.2ms)
  Rendered /Users/kannan/.rvm/gems/ruby-2.0.0-p0/gems/actionpack-4.0.1/lib/action_dispatch/middleware/templates/rescues/_request_and_response.erb (0.7ms)
  Rendered /Users/kannan/.rvm/gems/ruby-2.0.0-p0/gems/actionpack-4.0.1/lib/action_dispatch/middleware/templates/rescues/diagnostics.erb within rescues/layout (13.8ms)


Started GET "/" for 127.0.0.1 at 2014-02-12 11:21:35 +0530

ActiveRecord::PendingMigrationError (Migrations are pending; run 'bin/rake db:migrate RAILS_ENV=development' to resolve this issue.):
  activerecord (4.0.1) lib/active_record/migration.rb:379:in `check_pending!'
  activerecord (4.0.1) lib/active_record/migration.rb:366:in `call'
  actionpack (4.0.1) lib/action_dispatch/middleware/callbacks.rb:29:in `block in call'
  activesupport (4.0.1) lib/active_support/callbacks.rb:373:in `_run__3871725065862313719__call__callbacks'
  activesupport (4.0.1) lib/active_support/callbacks.rb:80:in `run_callbacks'
  actionpack (4.0.1) lib/action_dispatch/middleware/callbacks.rb:27:in `call'
  actionpack (4.0.1) lib/action_dispatch/middleware/reloader.rb:64:in `call'
  actionpack (4.0.1) lib/action_dispatch/middleware/remote_ip.rb:76:in `call'
  actionpack (4.0.1) lib/action_dispatch/middleware/debug_exceptions.rb:17:in `call'
  actionpack (4.0.1) lib/action_dispatch/middleware/show_exceptions.rb:30:in `call'
  railties (4.0.1) lib/rails/rack/logger.rb:38:in `call_app'
  railties (4.0.1) lib/rails/rack/logger.rb:20:in `block in call'
  activesupport (4.0.1) lib/active_support/tagged_logging.rb:67:in `block in tagged'
  activesupport (4.0.1) lib/active_support/tagged_logging.rb:25:in `tagged'
  activesupport (4.0.1) lib/active_support/tagged_logging.rb:67:in `tagged'
  railties (4.0.1) lib/rails/rack/logger.rb:20:in `call'
  actionpack (4.0.1) lib/action_dispatch/middleware/request_id.rb:21:in `call'
  rack (1.5.2) lib/rack/methodoverride.rb:21:in `call'
  rack (1.5.2) lib/rack/runtime.rb:17:in `call'
  activesupport (4.0.1) lib/active_support/cache/strategy/local_cache.rb:83:in `call'
  rack (1.5.2) lib/rack/lock.rb:17:in `call'
  actionpack (4.0.1) lib/action_dispatch/middleware/static.rb:64:in `call'
  rack (1.5.2) lib/rack/sendfile.rb:112:in `call'
  railties (4.0.1) lib/rails/engine.rb:511:in `call'
  railties (4.0.1) lib/rails/application.rb:97:in `call'
  rack (1.5.2) lib/rack/lock.rb:17:in `call'
  rack (1.5.2) lib/rack/content_length.rb:14:in `call'
  rack (1.5.2) lib/rack/handler/webrick.rb:60:in `service'
  /Users/kannan/.rvm/rubies/ruby-2.0.0-p0/lib/ruby/2.0.0/webrick/httpserver.rb:138:in `service'
  /Users/kannan/.rvm/rubies/ruby-2.0.0-p0/lib/ruby/2.0.0/webrick/httpserver.rb:94:in `run'
  /Users/kannan/.rvm/rubies/ruby-2.0.0-p0/lib/ruby/2.0.0/webrick/server.rb:295:in `block in start_thread'


  Rendered /Users/kannan/.rvm/gems/ruby-2.0.0-p0/gems/actionpack-4.0.1/lib/action_dispatch/middleware/templates/rescues/_source.erb (0.4ms)
  Rendered /Users/kannan/.rvm/gems/ruby-2.0.0-p0/gems/actionpack-4.0.1/lib/action_dispatch/middleware/templates/rescues/_trace.erb (1.0ms)
  Rendered /Users/kannan/.rvm/gems/ruby-2.0.0-p0/gems/actionpack-4.0.1/lib/action_dispatch/middleware/templates/rescues/_request_and_response.erb (0.8ms)
  Rendered /Users/kannan/.rvm/gems/ruby-2.0.0-p0/gems/actionpack-4.0.1/lib/action_dispatch/middleware/templates/rescues/diagnostics.erb within rescues/layout (12.6ms)
  [1m[36m (171.6ms)[0m  [1mCREATE TABLE `schema_migrations` (`version` varchar(255) NOT NULL) ENGINE=InnoDB[0m
  [1m[35m (277.2ms)[0m  CREATE UNIQUE INDEX `unique_schema_migrations` ON `schema_migrations` (`version`) 
  [1m[36mActiveRecord::SchemaMigration Load (2.0ms)[0m  [1mSELECT `schema_migrations`.* FROM `schema_migrations`[0m
Migrating to CreateCategories (20140126104022)
  [1m[35m (128.9ms)[0m  CREATE TABLE `categories` (`id` int(11) DEFAULT NULL auto_increment PRIMARY KEY, `name` varchar(255), `image` text, `description` text, `classic` tinyint(1), `contemporary` tinyint(1), `created_at` datetime, `updated_at` datetime) ENGINE=InnoDB
  [1m[36mSQL (0.1ms)[0m  [1mBEGIN[0m
  [1m[35mSQL (2.0ms)[0m  INSERT INTO `schema_migrations` (`version`) VALUES (?)  [["version", "20140126104022"]]
  [1m[36m (0.3ms)[0m  [1mCOMMIT[0m
Migrating to CreateSubCategories (20140126104152)
  [1m[35m (115.2ms)[0m  CREATE TABLE `sub_categories` (`id` int(11) DEFAULT NULL auto_increment PRIMARY KEY, `name` varchar(255), `image` text, `category_id` int(11), `created_at` datetime, `updated_at` datetime) ENGINE=InnoDB
  [1m[36mSQL (0.1ms)[0m  [1mBEGIN[0m
  [1m[35mSQL (0.2ms)[0m  INSERT INTO `schema_migrations` (`version`) VALUES (?)  [["version", "20140126104152"]]
  [1m[36m (0.3ms)[0m  [1mCOMMIT[0m
Migrating to CreateProducts (20140126104337)
  [1m[35m (99.1ms)[0m  CREATE TABLE `products` (`id` int(11) DEFAULT NULL auto_increment PRIMARY KEY, `name` varchar(255), `height` varchar(255), `width` varchar(255), `price` varchar(255), `image` text, `category_id` int(11), `sub_category_id` int(11), `created_at` datetime, `updated_at` datetime) ENGINE=InnoDB
  [1m[36mSQL (0.1ms)[0m  [1mBEGIN[0m
  [1m[35mSQL (0.1ms)[0m  INSERT INTO `schema_migrations` (`version`) VALUES (?)  [["version", "20140126104337"]]
  [1m[36m (0.3ms)[0m  [1mCOMMIT[0m
Migrating to CreateVariationImages (20140126104533)
  [1m[35m (89.2ms)[0m  CREATE TABLE `variation_images` (`id` int(11) DEFAULT NULL auto_increment PRIMARY KEY, `image` text, `product_id` int(11), `created_at` datetime, `updated_at` datetime) ENGINE=InnoDB
  [1m[36mSQL (0.1ms)[0m  [1mBEGIN[0m
  [1m[35mSQL (0.1ms)[0m  INSERT INTO `schema_migrations` (`version`) VALUES (?)  [["version", "20140126104533"]]
  [1m[36m (0.4ms)[0m  [1mCOMMIT[0m
  [1m[35mActiveRecord::SchemaMigration Load (0.2ms)[0m  SELECT `schema_migrations`.* FROM `schema_migrations`


Started GET "/" for 127.0.0.1 at 2014-02-12 11:23:55 +0530
  [1m[36mActiveRecord::SchemaMigration Load (0.7ms)[0m  [1mSELECT `schema_migrations`.* FROM `schema_migrations`[0m
Processing by Rails::WelcomeController#index as HTML
  Rendered /Users/kannan/.rvm/gems/ruby-2.0.0-p0/gems/railties-4.0.1/lib/rails/templates/rails/welcome/index.html.erb (1.4ms)
Completed 200 OK in 53ms (Views: 13.5ms | ActiveRecord: 0.0ms)
  [1m[36mActiveRecord::SchemaMigration Load (1.1ms)[0m  [1mSELECT `schema_migrations`.* FROM `schema_migrations`[0m
Migrating to CreateUsers (20140212061256)
  [1m[36m (54.6ms)[0m  [1mCREATE TABLE `schema_migrations` (`version` varchar(255) NOT NULL) ENGINE=InnoDB[0m
  [1m[35m (190.5ms)[0m  CREATE UNIQUE INDEX `unique_schema_migrations` ON `schema_migrations` (`version`) 
  [1m[36mActiveRecord::SchemaMigration Load (1.1ms)[0m  [1mSELECT `schema_migrations`.* FROM `schema_migrations`[0m
Migrating to CreateCategories (20140126104022)
  [1m[35m (106.3ms)[0m  CREATE TABLE `categories` (`id` int(11) DEFAULT NULL auto_increment PRIMARY KEY, `name` varchar(255), `image` text, `description` text, `classic` tinyint(1), `contemporary` tinyint(1), `created_at` datetime, `updated_at` datetime) ENGINE=InnoDB
  [1m[36mSQL (0.1ms)[0m  [1mBEGIN[0m
  [1m[35mSQL (15.8ms)[0m  INSERT INTO `schema_migrations` (`version`) VALUES (?)  [["version", "20140126104022"]]
  [1m[36m (0.3ms)[0m  [1mCOMMIT[0m
Migrating to CreateSubCategories (20140126104152)
  [1m[35m (108.1ms)[0m  CREATE TABLE `sub_categories` (`id` int(11) DEFAULT NULL auto_increment PRIMARY KEY, `name` varchar(255), `image` text, `category_id` int(11), `created_at` datetime, `updated_at` datetime) ENGINE=InnoDB
  [1m[36mSQL (0.1ms)[0m  [1mBEGIN[0m
  [1m[35mSQL (0.3ms)[0m  INSERT INTO `schema_migrations` (`version`) VALUES (?)  [["version", "20140126104152"]]
  [1m[36m (0.4ms)[0m  [1mCOMMIT[0m
Migrating to CreateProducts (20140126104337)
  [1m[35m (124.4ms)[0m  CREATE TABLE `products` (`id` int(11) DEFAULT NULL auto_increment PRIMARY KEY, `name` varchar(255), `height` varchar(255), `width` varchar(255), `price` varchar(255), `image` text, `category_id` int(11), `sub_category_id` int(11), `created_at` datetime, `updated_at` datetime) ENGINE=InnoDB
  [1m[36mSQL (0.1ms)[0m  [1mBEGIN[0m
  [1m[35mSQL (0.1ms)[0m  INSERT INTO `schema_migrations` (`version`) VALUES (?)  [["version", "20140126104337"]]
  [1m[36m (0.3ms)[0m  [1mCOMMIT[0m
Migrating to CreateVariationImages (20140126104533)
  [1m[35m (97.3ms)[0m  CREATE TABLE `variation_images` (`id` int(11) DEFAULT NULL auto_increment PRIMARY KEY, `image` text, `product_id` int(11), `created_at` datetime, `updated_at` datetime) ENGINE=InnoDB
  [1m[36mSQL (0.1ms)[0m  [1mBEGIN[0m
  [1m[35mSQL (0.3ms)[0m  INSERT INTO `schema_migrations` (`version`) VALUES (?)  [["version", "20140126104533"]]
  [1m[36m (0.4ms)[0m  [1mCOMMIT[0m
Migrating to CreateUsers (20140212061256)
  [1m[36mActiveRecord::SchemaMigration Load (32.1ms)[0m  [1mSELECT `schema_migrations`.* FROM `schema_migrations`[0m
Migrating to CreateUsers (20140212061256)
  [1m[36m (81.2ms)[0m  [1mCREATE TABLE `schema_migrations` (`version` varchar(255) NOT NULL) ENGINE=InnoDB[0m
  [1m[35m (290.6ms)[0m  CREATE UNIQUE INDEX `unique_schema_migrations` ON `schema_migrations` (`version`) 
  [1m[36mActiveRecord::SchemaMigration Load (1.1ms)[0m  [1mSELECT `schema_migrations`.* FROM `schema_migrations`[0m
Migrating to CreateCategories (20140126104022)
  [1m[35m (113.5ms)[0m  CREATE TABLE `categories` (`id` int(11) DEFAULT NULL auto_increment PRIMARY KEY, `name` varchar(255), `image` text, `description` text, `classic` tinyint(1), `contemporary` tinyint(1), `created_at` datetime, `updated_at` datetime) ENGINE=InnoDB
  [1m[36mSQL (0.1ms)[0m  [1mBEGIN[0m
  [1m[35mSQL (0.4ms)[0m  INSERT INTO `schema_migrations` (`version`) VALUES (?)  [["version", "20140126104022"]]
  [1m[36m (0.4ms)[0m  [1mCOMMIT[0m
Migrating to CreateSubCategories (20140126104152)
  [1m[35m (117.0ms)[0m  CREATE TABLE `sub_categories` (`id` int(11) DEFAULT NULL auto_increment PRIMARY KEY, `name` varchar(255), `image` text, `category_id` int(11), `created_at` datetime, `updated_at` datetime) ENGINE=InnoDB
  [1m[36mSQL (0.1ms)[0m  [1mBEGIN[0m
  [1m[35mSQL (0.2ms)[0m  INSERT INTO `schema_migrations` (`version`) VALUES (?)  [["version", "20140126104152"]]
  [1m[36m (0.3ms)[0m  [1mCOMMIT[0m
Migrating to CreateProducts (20140126104337)
  [1m[35m (98.1ms)[0m  CREATE TABLE `products` (`id` int(11) DEFAULT NULL auto_increment PRIMARY KEY, `name` varchar(255), `height` varchar(255), `width` varchar(255), `price` varchar(255), `image` text, `category_id` int(11), `sub_category_id` int(11), `created_at` datetime, `updated_at` datetime) ENGINE=InnoDB
  [1m[36mSQL (0.1ms)[0m  [1mBEGIN[0m
  [1m[35mSQL (0.1ms)[0m  INSERT INTO `schema_migrations` (`version`) VALUES (?)  [["version", "20140126104337"]]
  [1m[36m (0.3ms)[0m  [1mCOMMIT[0m
Migrating to CreateVariationImages (20140126104533)
  [1m[35m (90.1ms)[0m  CREATE TABLE `variation_images` (`id` int(11) DEFAULT NULL auto_increment PRIMARY KEY, `image` text, `product_id` int(11), `created_at` datetime, `updated_at` datetime) ENGINE=InnoDB
  [1m[36mSQL (0.1ms)[0m  [1mBEGIN[0m
  [1m[35mSQL (0.2ms)[0m  INSERT INTO `schema_migrations` (`version`) VALUES (?)  [["version", "20140126104533"]]
  [1m[36m (0.3ms)[0m  [1mCOMMIT[0m
Migrating to CreateUsers (20140212061256)
  [1m[35m (103.9ms)[0m  CREATE TABLE `users` (`id` int(11) DEFAULT NULL auto_increment PRIMARY KEY, `name` varchar(255) DEFAULT '', `username` varchar(255) DEFAULT '', `email` varchar(255) DEFAULT '', `about` varchar(255) DEFAULT '', `encrypted_password` varchar(255) DEFAULT '', `city` varchar(255) DEFAULT '', `reset_password_token` varchar(255), `reset_password_sent_at` time, `remember_created_at` time, `sign_in_count` int(11) DEFAULT 0, `current_sign_in_at` time, `last_sign_in_at` time, `current_sign_in_ip` varchar(255), `last_sign_in_ip` varchar(255), `stripe_customer_id` varchar(255), `deleted` tinyint(1) DEFAULT 0, `confirmation_token` varchar(255), `confirmed_at` time, `confirmation_sent_at` time, `unconfirmed_email` varchar(255), `failed_attempts` int(11) DEFAULT 0, `unlock_token` varchar(255), `locked_at` time, `authentication_token` varchar(255), `created_at` datetime, `updated_at` datetime) ENGINE=InnoDB
  [1m[36mSQL (0.1ms)[0m  [1mBEGIN[0m
  [1m[35mSQL (0.2ms)[0m  INSERT INTO `schema_migrations` (`version`) VALUES (?)  [["version", "20140212061256"]]
  [1m[36m (0.3ms)[0m  [1mCOMMIT[0m
  [1m[35mActiveRecord::SchemaMigration Load (0.2ms)[0m  SELECT `schema_migrations`.* FROM `schema_migrations`
